2021-04-22 14:06:44	Initialized. Chain height: -1, Txs: 0
2021-04-22 14:06:44	Entity (00000101, 0000000000000000000000000000000000000000) added successfully
2021-04-22 14:06:44	Entity (00000201, 0000000000000000000000000000000000000000) added successfully
2021-04-22 14:06:44	Entity (00000102, 0000000000000000000000000000000000000000) added successfully
2021-04-22 14:06:44	Entity (00000202, 0000000000000000000000000000000000000000) added successfully
2021-04-22 14:06:44	Entity (00000103, e7d81a245b3a78a99f476df02cb202f6e1de732f) added successfully
2021-04-22 14:06:44	Entity (00000203, e7d81a245b3a78a99f476df02cb202f6e1de732f) added successfully
2021-04-22 14:06:44	Entity (00000105, 0000000073e1d18e2601e8f010624cb5fc1f9ca7) added successfully
2021-04-22 14:06:44	Entity (00000205, 0000000073e1d18e2601e8f010624cb5fc1f9ca7) added successfully
2021-04-22 14:06:44	Entity (00000106, 0000000073e1d18e2601e8f010624cb5fc1f9ca7) added successfully
2021-04-22 14:06:44	Entity (00000206, 0000000073e1d18e2601e8f010624cb5fc1f9ca7) added successfully
2021-04-22 14:06:44	Entity (00000107, 0000000073e1d18e2601e8f010624cb5fc1f9ca7) added successfully
2021-04-22 14:06:44	Entity (00000207, 0000000073e1d18e2601e8f010624cb5fc1f9ca7) added successfully
2021-04-22 14:06:44	NewBlock 0, Txs: 0, Rows: 0
2021-04-22 14:06:45	NewBlock 1, Txs: 0, Rows: 0
2021-04-22 14:06:45	NewBlock 2, Txs: 0, Rows: 0
2021-04-22 14:06:45	NewBlock 3, Txs: 0, Rows: 0
2021-04-22 14:06:46	NewBlock 4, Txs: 0, Rows: 0
2021-04-22 14:06:46	NewBlock 5, Txs: 0, Rows: 0
2021-04-22 14:06:46	NewBlock 6, Txs: 0, Rows: 0
2021-04-22 14:06:46	NewBlock 7, Txs: 0, Rows: 0
2021-04-22 14:06:46	NewBlock 8, Txs: 0, Rows: 0
2021-04-22 14:06:47	NewBlock 9, Txs: 0, Rows: 0
2021-04-22 14:06:47	NewBlock 10, Txs: 0, Rows: 0
2021-04-22 14:06:47	NewBlock 11, Txs: 0, Rows: 0
2021-04-22 14:06:47	NewBlock 12, Txs: 0, Rows: 0
2021-04-22 14:06:47	NewBlock 13, Txs: 0, Rows: 0
2021-04-22 14:06:48	NewBlock 14, Txs: 0, Rows: 0
2021-04-22 14:06:48	NewBlock 15, Txs: 0, Rows: 0
2021-04-22 14:06:48	NewBlock 16, Txs: 0, Rows: 0
2021-04-22 14:06:48	NewBlock 17, Txs: 0, Rows: 0
2021-04-22 14:06:48	NewBlock 18, Txs: 0, Rows: 0
2021-04-22 14:06:49	NewBlock 19, Txs: 0, Rows: 0
2021-04-22 14:06:49	NewBlock 20, Txs: 0, Rows: 0
2021-04-22 14:06:49	NewBlock 21, Txs: 0, Rows: 0
2021-04-22 14:06:50	NewBlock 22, Txs: 0, Rows: 0
2021-04-22 14:06:50	NewBlock 23, Txs: 0, Rows: 0
2021-04-22 14:06:50	NewBlock 24, Txs: 0, Rows: 0
2021-04-22 14:06:50	NewBlock 25, Txs: 0, Rows: 0
2021-04-22 14:06:51	NewBlock 26, Txs: 0, Rows: 0
2021-04-22 14:06:51	NewBlock 27, Txs: 0, Rows: 0
2021-04-22 14:06:51	NewBlock 28, Txs: 0, Rows: 0
2021-04-22 14:06:51	NewBlock 29, Txs: 0, Rows: 0
2021-04-22 14:06:51	NewBlock 30, Txs: 0, Rows: 0
2021-04-22 14:06:52	NewBlock 31, Txs: 0, Rows: 0
2021-04-22 14:06:52	NewBlock 32, Txs: 0, Rows: 0
2021-04-22 14:06:52	NewBlock 33, Txs: 0, Rows: 0
2021-04-22 14:06:52	NewBlock 34, Txs: 0, Rows: 0
2021-04-22 14:06:52	NewBlock 35, Txs: 0, Rows: 0
2021-04-22 14:06:53	NewBlock 36, Txs: 0, Rows: 0
2021-04-22 14:06:53	NewBlock 37, Txs: 0, Rows: 0
2021-04-22 14:06:53	NewBlock 38, Txs: 0, Rows: 0
2021-04-22 14:06:53	NewBlock 39, Txs: 0, Rows: 0
2021-04-22 14:06:54	NewBlock 40, Txs: 0, Rows: 0
2021-04-22 14:06:54	NewBlock 41, Txs: 0, Rows: 0
2021-04-22 14:06:54	NewBlock 42, Txs: 0, Rows: 0
2021-04-22 14:06:55	NewBlock 43, Txs: 0, Rows: 0
2021-04-22 14:06:55	NewBlock 44, Txs: 0, Rows: 0
2021-04-22 14:06:55	NewBlock 45, Txs: 0, Rows: 0
2021-04-22 14:06:55	NewBlock 46, Txs: 0, Rows: 0
2021-04-22 14:06:56	NewBlock 47, Txs: 0, Rows: 0
2021-04-22 14:06:56	NewBlock 48, Txs: 0, Rows: 0
2021-04-22 14:06:56	NewBlock 49, Txs: 0, Rows: 0
2021-04-22 14:06:56	NewBlock 50, Txs: 0, Rows: 0
2021-04-22 14:06:57	NewBlock 51, Txs: 0, Rows: 0
2021-04-22 14:06:57	NewBlock 52, Txs: 0, Rows: 0
2021-04-22 14:06:57	NewBlock 53, Txs: 0, Rows: 0
2021-04-22 14:06:58	NewBlock 54, Txs: 0, Rows: 0
2021-04-22 14:06:58	NewBlock 55, Txs: 0, Rows: 0
2021-04-22 14:06:58	NewBlock 56, Txs: 0, Rows: 0
2021-04-22 14:06:58	NewBlock 57, Txs: 0, Rows: 0
2021-04-22 14:06:59	NewBlock 58, Txs: 0, Rows: 0
2021-04-22 14:06:59	NewBlock 59, Txs: 0, Rows: 0
2021-04-22 14:06:59	NewBlock 60, Txs: 0, Rows: 0
2021-04-22 14:06:59	NewBlock 61, Txs: 0, Rows: 0
2021-04-22 14:07:00	NewBlock 62, Txs: 0, Rows: 0
2021-04-22 14:07:00	NewTx 90cbba4b926df815f1582ac269d906d69d91b4b95e807f28a165479de13dca86, block 63, flags 00000004, import 0
2021-04-22 14:07:00	NewTx 23c0cd720f8f45636810af9a014bfa86f6e780e4b52dbd8ade34bdfafa78e5f0, block 63, flags 00000004, import 0
2021-04-22 14:07:00	NewBlock 63, Txs: 2, Rows: 12
2021-04-22 14:07:00	NewTx da22b1c84d67957687aad296c0cf5b92487397c2756914f5c46cb51ed35d689a, block 64, flags 00000004, import 0
2021-04-22 14:07:00	NewBlock 64, Txs: 1, Rows: 6
2021-04-22 14:08:22	Entity (00000105, 00000000b4f18239364c9b1e6ca96609efbd067e) added successfully
2021-04-22 14:08:22	Entity (00000205, 00000000b4f18239364c9b1e6ca96609efbd067e) added successfully
2021-04-22 14:08:22	Entity (00000106, 00000000b4f18239364c9b1e6ca96609efbd067e) added successfully
2021-04-22 14:08:22	Entity (00000206, 00000000b4f18239364c9b1e6ca96609efbd067e) added successfully
2021-04-22 14:08:22	Entity (00000107, 00000000b4f18239364c9b1e6ca96609efbd067e) added successfully
2021-04-22 14:08:22	Entity (00000207, 00000000b4f18239364c9b1e6ca96609efbd067e) added successfully
2021-04-22 14:08:22	Starting new import 1 with 6 entities from block 9
2021-04-22 14:08:22	Import: 1, Entity: (00000105, 00000000b4f18239364c9b1e6ca96609efbd067e), transferred txs: 0
2021-04-22 14:08:22	Import: 1, Entity: (00000205, 00000000b4f18239364c9b1e6ca96609efbd067e), transferred txs: 0
2021-04-22 14:08:22	Import: 1, Entity: (00000106, 00000000b4f18239364c9b1e6ca96609efbd067e), transferred txs: 0
2021-04-22 14:08:22	Import: 1, Entity: (00000206, 00000000b4f18239364c9b1e6ca96609efbd067e), transferred txs: 0
2021-04-22 14:08:22	Import: 1, Entity: (00000107, 00000000b4f18239364c9b1e6ca96609efbd067e), transferred txs: 0
2021-04-22 14:08:22	Import: 1, Entity: (00000207, 00000000b4f18239364c9b1e6ca96609efbd067e), transferred txs: 0
2021-04-22 14:08:22	Import 1 successfully started
2021-04-22 14:08:22	NewBlock 10, Txs: 0, Rows: 0
2021-04-22 14:08:22	NewBlock 11, Txs: 0, Rows: 0
2021-04-22 14:08:22	NewBlock 12, Txs: 0, Rows: 0
2021-04-22 14:08:22	NewBlock 13, Txs: 0, Rows: 0
2021-04-22 14:08:22	NewBlock 14, Txs: 0, Rows: 0
2021-04-22 14:08:22	NewBlock 15, Txs: 0, Rows: 0
2021-04-22 14:08:22	NewBlock 16, Txs: 0, Rows: 0
2021-04-22 14:08:22	NewBlock 17, Txs: 0, Rows: 0
2021-04-22 14:08:22	NewBlock 18, Txs: 0, Rows: 0
2021-04-22 14:08:22	NewBlock 19, Txs: 0, Rows: 0
2021-04-22 14:08:22	NewBlock 20, Txs: 0, Rows: 0
2021-04-22 14:08:22	NewBlock 21, Txs: 0, Rows: 0
2021-04-22 14:08:22	NewBlock 22, Txs: 0, Rows: 0
2021-04-22 14:08:22	NewBlock 23, Txs: 0, Rows: 0
2021-04-22 14:08:22	NewBlock 24, Txs: 0, Rows: 0
2021-04-22 14:08:22	NewBlock 25, Txs: 0, Rows: 0
2021-04-22 14:08:22	NewBlock 26, Txs: 0, Rows: 0
2021-04-22 14:08:22	NewBlock 27, Txs: 0, Rows: 0
2021-04-22 14:08:22	NewBlock 28, Txs: 0, Rows: 0
2021-04-22 14:08:22	NewBlock 29, Txs: 0, Rows: 0
2021-04-22 14:08:23	NewBlock 30, Txs: 0, Rows: 0
2021-04-22 14:08:23	NewBlock 31, Txs: 0, Rows: 0
2021-04-22 14:08:23	NewBlock 32, Txs: 0, Rows: 0
2021-04-22 14:08:23	NewBlock 33, Txs: 0, Rows: 0
2021-04-22 14:08:23	NewBlock 34, Txs: 0, Rows: 0
2021-04-22 14:08:23	NewBlock 35, Txs: 0, Rows: 0
2021-04-22 14:08:23	NewBlock 36, Txs: 0, Rows: 0
2021-04-22 14:08:23	NewBlock 37, Txs: 0, Rows: 0
2021-04-22 14:08:23	NewBlock 38, Txs: 0, Rows: 0
2021-04-22 14:08:23	NewBlock 39, Txs: 0, Rows: 0
2021-04-22 14:08:23	NewBlock 40, Txs: 0, Rows: 0
2021-04-22 14:08:23	NewBlock 41, Txs: 0, Rows: 0
2021-04-22 14:08:23	NewBlock 42, Txs: 0, Rows: 0
2021-04-22 14:08:23	NewBlock 43, Txs: 0, Rows: 0
2021-04-22 14:08:23	NewBlock 44, Txs: 0, Rows: 0
2021-04-22 14:08:23	NewBlock 45, Txs: 0, Rows: 0
2021-04-22 14:08:23	NewBlock 46, Txs: 0, Rows: 0
2021-04-22 14:08:23	NewBlock 47, Txs: 0, Rows: 0
2021-04-22 14:08:23	NewBlock 48, Txs: 0, Rows: 0
2021-04-22 14:08:23	NewBlock 49, Txs: 0, Rows: 0
2021-04-22 14:08:23	NewBlock 50, Txs: 0, Rows: 0
2021-04-22 14:08:23	NewBlock 51, Txs: 0, Rows: 0
2021-04-22 14:08:23	NewBlock 52, Txs: 0, Rows: 0
2021-04-22 14:08:23	NewBlock 53, Txs: 0, Rows: 0
2021-04-22 14:08:23	NewBlock 54, Txs: 0, Rows: 0
2021-04-22 14:08:23	NewBlock 55, Txs: 0, Rows: 0
2021-04-22 14:08:23	NewBlock 56, Txs: 0, Rows: 0
2021-04-22 14:08:23	NewBlock 57, Txs: 0, Rows: 0
2021-04-22 14:08:23	NewBlock 58, Txs: 0, Rows: 0
2021-04-22 14:08:23	NewBlock 59, Txs: 0, Rows: 0
2021-04-22 14:08:23	NewBlock 60, Txs: 0, Rows: 0
2021-04-22 14:08:23	NewBlock 61, Txs: 0, Rows: 0
2021-04-22 14:08:23	NewBlock 62, Txs: 0, Rows: 0
2021-04-22 14:08:23	Tx 90cbba4b926df815f1582ac269d906d69d91b4b95e807f28a165479de13dca86 ignored for import 1
2021-04-22 14:08:23	Tx 23c0cd720f8f45636810af9a014bfa86f6e780e4b52dbd8ade34bdfafa78e5f0 ignored for import 1
2021-04-22 14:08:23	NewBlock 63, Txs: 0, Rows: 0
2021-04-22 14:08:23	Tx da22b1c84d67957687aad296c0cf5b92487397c2756914f5c46cb51ed35d689a ignored for import 1
2021-04-22 14:08:23	NewBlock 64, Txs: 0, Rows: 0
2021-04-22 14:08:23	Import: 1, Transferring entity (00000105, 00000000b4f18239364c9b1e6ca96609efbd067e) to the chain, txs: 0
2021-04-22 14:08:23	Import: 1, Transferring entity (00000205, 00000000b4f18239364c9b1e6ca96609efbd067e) to the chain, txs: 0
2021-04-22 14:08:23	Import: 1, Transferring entity (00000106, 00000000b4f18239364c9b1e6ca96609efbd067e) to the chain, txs: 0
2021-04-22 14:08:23	Import: 1, Transferring entity (00000206, 00000000b4f18239364c9b1e6ca96609efbd067e) to the chain, txs: 0
2021-04-22 14:08:23	Import: 1, Transferring entity (00000107, 00000000b4f18239364c9b1e6ca96609efbd067e) to the chain, txs: 0
2021-04-22 14:08:23	Import: 1, Transferring entity (00000207, 00000000b4f18239364c9b1e6ca96609efbd067e) to the chain, txs: 0
2021-04-22 14:08:23	CompleteImport: Successfully updated chain after import 1, removing old records
2021-04-22 14:08:23	CompleteImport: Import 1 completed
2021-04-22 14:13:58	NewTx 2871d655972e3dd83778403278472734305a3482a1ef369348b6ffedbfeee532, block -1, flags 00000004, import 0
2021-04-22 14:14:11	UpdateTx 2871d65597, block 65, flags 00000004, import 0
2021-04-22 14:14:11	NewBlock 65, Txs: 3, Rows: 14
2021-04-22 14:17:58	NewTx 87752d9f7da8020651913d64fb8c18fcaccb595664bceedd23437acac9f4c2ac, block -1, flags 00000004, import 0
2021-04-22 14:18:03	Initialized. Chain height: 65, Txs: 6
2021-04-22 14:18:03	NewTx 87752d9f7da8020651913d64fb8c18fcaccb595664bceedd23437acac9f4c2ac, block -1, flags 00000004, import 0
2021-04-22 14:18:10	UpdateTx 87752d9f7d, block 66, flags 00000004, import 0
2021-04-22 14:18:10	NewBlock 66, Txs: 1, Rows: 10
2021-04-22 14:19:07	Initialized. Chain height: 66, Txs: 7
2021-04-22 14:19:10	NewTx 382a7553859c4c666b0591377d651cdb3688e90771abb16433d405fbd04ea512, block -1, flags 00000004, import 0
2021-04-22 14:19:23	UpdateTx 382a755385, block 67, flags 00000004, import 0
2021-04-22 14:19:23	NewBlock 67, Txs: 1, Rows: 10
2021-04-22 14:20:11	Initialized. Chain height: 67, Txs: 8
2021-04-22 14:20:52	NewTx 5ec259ef9f25ebd0e1efc0f9c7d8108038f6183428027c4497dd82e4d0e7f8d2, block -1, flags 00000004, import 0
2021-04-22 14:21:06	UpdateTx 5ec259ef9f, block 68, flags 00000004, import 0
2021-04-22 14:21:06	NewBlock 68, Txs: 1, Rows: 10
2021-04-22 14:21:58	Initialized. Chain height: 68, Txs: 9
2021-04-22 14:22:07	NewTx 512cc6528f1850236edc3cc029a3c8e89350eca7beff0caaa732cf21d94a7d40, block -1, flags 00000004, import 0
2021-04-22 14:22:15	NewTx 8cc70038521d2f6f04769e0d188b69728115a45af47a70d337ae3dc431ca15ee, block -1, flags 00000004, import 0
2021-04-22 14:22:17	UpdateTx 512cc6528f, block 69, flags 00000004, import 0
2021-04-22 14:22:17	UpdateTx 8cc7003852, block 69, flags 00000004, import 0
2021-04-22 14:22:17	NewBlock 69, Txs: 2, Rows: 16
2021-04-22 14:22:18	NewTx 32ad9f58731a00b710d8238694c49374197f93e9693b25b82e9f9e7ed69494b7, block -1, flags 00000004, import 0
2021-04-22 14:22:29	UpdateTx 32ad9f5873, block 70, flags 00000004, import 0
2021-04-22 14:22:29	NewBlock 70, Txs: 1, Rows: 10
2021-04-27 12:47:36	Initialized. Chain height: 70, Txs: 12
2021-04-27 12:48:05	Initialized. Chain height: 70, Txs: 12
2021-04-27 13:36:29	NewBlock 71, Txs: 0, Rows: 0
2021-04-27 13:37:05	NewBlock 72, Txs: 0, Rows: 0
2021-04-27 13:54:40	NewTx 094bb35709efe365b1e49a21bb388d991727b387a1d883c2f2a78046eeee6d6c, block -1, flags 00000004, import 0
2021-04-27 13:54:51	UpdateTx 094bb35709, block 73, flags 00000004, import 0
2021-04-27 13:54:51	NewBlock 73, Txs: 1, Rows: 10
2021-04-27 13:56:00	NewTx 8181905afef14ad9c1149b75aa6ba1654cf25ccd8f2d5c30fb6feee3228210f2, block -1, flags 00000004, import 0
2021-04-27 13:56:16	UpdateTx 8181905afe, block 74, flags 00000004, import 0
2021-04-27 13:56:16	NewBlock 74, Txs: 1, Rows: 10
2021-04-27 13:56:49	NewTx 5b1680956d9eed3c7a280497ac0d19fc03a0df7636bf831041089f24076837be, block -1, flags 00000004, import 0
2021-04-27 13:57:04	UpdateTx 5b1680956d, block 75, flags 00000004, import 0
2021-04-27 13:57:04	NewBlock 75, Txs: 1, Rows: 10
2021-04-28 11:04:18	Initialized. Chain height: 75, Txs: 15
2021-04-28 11:08:28	NewTx f4fa82d635821fa77e5e1704c3245f2e5a7f5ac41c8fd103ef77819cdc9b7652, block -1, flags 00030004, import 0
2021-04-28 11:08:40	UpdateTx f4fa82d635, block 76, flags 00030004, import 0
2021-04-28 11:08:40	NewBlock 76, Txs: 2, Rows: 18
2021-04-28 11:10:18	NewTx 56a725d30f23093eb24d19e221a6c8b8c3b733011c2a4552bdc105cd47a3d272, block -1, flags 00000004, import 0
2021-04-28 11:10:32	UpdateTx 56a725d30f, block 77, flags 00000004, import 0
2021-04-28 11:10:32	NewBlock 77, Txs: 1, Rows: 10
2021-04-28 11:15:12	NewTx c037eee4e241939466714635f091bdb1ec43433422b54e354e2c6e2dac79a66d, block -1, flags 00000004, import 0
2021-04-28 11:15:23	UpdateTx c037eee4e2, block 78, flags 00000004, import 0
2021-04-28 11:15:23	NewBlock 78, Txs: 2, Rows: 12
2021-04-28 11:16:24	NewTx f3f2261ae798cd2fbf6b2baa57db07040215b6dcfa7691837730d8631dba70f7, block -1, flags 00000004, import 0
2021-04-28 11:16:38	UpdateTx f3f2261ae7, block 79, flags 00000004, import 0
2021-04-28 11:16:39	NewBlock 79, Txs: 1, Rows: 10
2021-04-28 11:17:31	NewTx baa8ace39b3195ad1d63be502f754e1d8880a5206a20488b92aa1f9e82e50eca, block -1, flags 00030004, import 0
2021-04-28 11:17:45	UpdateTx baa8ace39b, block 80, flags 00030004, import 0
2021-04-28 11:17:45	NewBlock 80, Txs: 1, Rows: 16
2021-04-28 11:22:57	NewBlock 81, Txs: 0, Rows: 0
2021-04-28 11:28:59	NewTx 446ddad6db925fc50b147ea753947e4665405da66f235e0bdf27223133ae80f6, block -1, flags 00000004, import 0
2021-04-28 11:29:11	UpdateTx 446ddad6db, block 82, flags 00000004, import 0
2021-04-28 11:29:11	NewBlock 82, Txs: 1, Rows: 10
2021-04-28 11:30:28	NewTx 2e6fc0e4fb485fb0582911322b58990da67f800f8af46a251a35e21227b685b7, block -1, flags 00000004, import 0
2021-04-28 11:30:34	UpdateTx 2e6fc0e4fb, block 83, flags 00000004, import 0
2021-04-28 11:30:34	NewBlock 83, Txs: 1, Rows: 10
2021-04-28 11:31:25	NewTx 7f2a200cbb3505b09d3c54be132eb193aac40a0033a32c1c7404dd8fe58ed1ac, block -1, flags 00000004, import 0
2021-04-28 11:31:35	UpdateTx 7f2a200cbb, block 84, flags 00000004, import 0
2021-04-28 11:31:35	NewBlock 84, Txs: 1, Rows: 10
2021-04-28 11:33:10	NewTx bf462874a65e3ea7f0366b375ed4b1dca127148b70ed2ac6edb4acf308ca6ae3, block -1, flags 00000004, import 0
2021-04-28 11:33:19	UpdateTx bf462874a6, block 85, flags 00000004, import 0
2021-04-28 11:33:19	NewBlock 85, Txs: 1, Rows: 10
2021-04-28 11:36:48	NewTx c060c53104143aa0df93ee97e82e5e38daa585d35f8443ea969d8b28527e8d20, block -1, flags 00000004, import 0
2021-04-28 11:36:59	UpdateTx c060c53104, block 86, flags 00000004, import 0
2021-04-28 11:36:59	NewBlock 86, Txs: 1, Rows: 10
2021-04-28 11:37:32	NewTx cb2005941832c1470b598644aa55440199eea817ce85aa52e5b9c0e8205015d5, block -1, flags 00000004, import 0
2021-04-28 11:37:38	UpdateTx cb20059418, block 87, flags 00000004, import 0
2021-04-28 11:37:38	NewBlock 87, Txs: 2, Rows: 12
2021-04-28 12:04:53	NewBlock 88, Txs: 0, Rows: 0
2021-04-28 12:05:03	NewBlock 89, Txs: 0, Rows: 0
2021-04-28 12:55:01	NewTx ecdbeed3a4a00a2edea18738502712916ba0b7679508523d89563a19373c7454, block -1, flags 00000004, import 0
2021-04-28 12:55:15	UpdateTx ecdbeed3a4, block 90, flags 00000004, import 0
2021-04-28 12:55:15	NewBlock 90, Txs: 1, Rows: 10
2021-04-28 13:01:04	NewTx e1464b0253370b5e96cce509c820fc8d46c1c8f67f5653fe461da2fa026b60c0, block -1, flags 00000004, import 0
2021-04-28 13:01:17	UpdateTx e1464b0253, block 91, flags 00000004, import 0
2021-04-28 13:01:17	NewBlock 91, Txs: 1, Rows: 10
2021-04-28 13:07:17	NewTx 6dffcb6d4cf44e3cd2e0b7705c836bbf5676e1392ecbaeaff8e98ccf26950ccb, block -1, flags 00000004, import 0
2021-04-28 13:07:21	NewTx b31a932a47ddd375fcd5abb2a590a77f1f7b0d223a53fda8267b785bf82e77aa, block -1, flags 00000004, import 0
2021-04-28 13:07:22	NewTx 62718978f8102a94a1bbc37a5a07c050ad0cac8b0e9879ccf4b49f41799290ca, block -1, flags 00000004, import 0
2021-04-28 13:07:27	NewTx c2a73e893809df7a22af408c72ed1af04bad4ce9bed28bddd7d26b3d8474642c, block -1, flags 00000004, import 0
2021-04-28 13:07:27	UpdateTx 6dffcb6d4c, block 92, flags 00000004, import 0
2021-04-28 13:07:27	UpdateTx b31a932a47, block 92, flags 00000004, import 0
2021-04-28 13:07:27	UpdateTx 62718978f8, block 92, flags 00000004, import 0
2021-04-28 13:07:27	UpdateTx c2a73e8938, block 92, flags 00000004, import 0
2021-04-28 13:07:27	NewBlock 92, Txs: 5, Rows: 32
2021-04-28 13:07:28	NewTx 63d3e523e3607a7b47400d38254205e6902bcdec247d9810cca90568f2038a2f, block -1, flags 00000004, import 0
2021-04-28 13:07:31	NewTx 54b35458dfec7ad0d239ac02505f7683efddb79b8ee9ade48ac2ca512d791700, block -1, flags 00000004, import 0
2021-04-28 13:07:34	NewTx 01ec3797a358762d3eb52b77e4ef460281a9b85f6b89d52aea9d88abdeacca88, block -1, flags 00000004, import 0
2021-04-28 13:07:36	UpdateTx 63d3e523e3, block 93, flags 00000004, import 0
2021-04-28 13:07:36	UpdateTx 54b35458df, block 93, flags 00000004, import 0
2021-04-28 13:07:36	UpdateTx 01ec3797a3, block 93, flags 00000004, import 0
2021-04-28 13:07:37	NewBlock 93, Txs: 3, Rows: 24
2021-05-03 10:42:54	Initialized. Chain height: 93, Txs: 39
2021-05-03 10:47:44	Initialized. Chain height: 93, Txs: 39
2021-05-03 10:52:17	Initialized. Chain height: 93, Txs: 39
2021-05-03 10:52:52	NewTx 9c72bc8abd3ff83d5339c2f49a65105a8134ee80fe3b03610af12e72baa083e4, block -1, flags 00030004, import 0
2021-05-03 10:53:05	UpdateTx 9c72bc8abd, block 94, flags 00030004, import 0
2021-05-03 10:53:05	NewBlock 94, Txs: 1, Rows: 16
2021-05-03 11:04:36	NewTx 7ca44ebe07bcec3e059be0ddab06a9da27e4f4aba978056c0702ac5812a159a0, block -1, flags 00030004, import 0
2021-05-03 11:04:51	UpdateTx 7ca44ebe07, block 95, flags 00030004, import 0
2021-05-03 11:04:51	NewBlock 95, Txs: 1, Rows: 16
2021-05-03 11:05:31	NewTx 9f535524f75ba6474095b994cc53567b53a5f200058cf2740a6361d1b65b516c, block -1, flags 00030004, import 0
2021-05-03 11:05:42	UpdateTx 9f535524f7, block 96, flags 00030004, import 0
2021-05-03 11:05:42	NewBlock 96, Txs: 1, Rows: 16
2021-05-03 11:06:13	NewTx 1465c7791f3a75a4ba79fbf4a3b5bbd65b61c4d0fdbf4bd1ce0db50e36de158b, block -1, flags 00030004, import 0
2021-05-03 11:06:28	UpdateTx 1465c7791f, block 97, flags 00030004, import 0
2021-05-03 11:06:28	NewBlock 97, Txs: 1, Rows: 16
2021-05-03 11:07:49	NewTx 63bab94bafe1288fb200f05d6adc54487756eef3f83976fdceef5b0702eb9d3b, block -1, flags 00030004, import 0
2021-05-03 11:08:04	UpdateTx 63bab94baf, block 98, flags 00030004, import 0
2021-05-03 11:08:05	NewBlock 98, Txs: 1, Rows: 16
2021-05-03 11:09:01	Initialized. Chain height: 98, Txs: 44
2021-05-03 11:09:27	NewTx cd7c7fb42e709f8269b63fa32b843bd57b911b2c5e312a62d3587e9d33820ad8, block -1, flags 00030004, import 0
2021-05-03 11:09:43	UpdateTx cd7c7fb42e, block 99, flags 00030004, import 0
2021-05-03 11:09:43	NewBlock 99, Txs: 1, Rows: 16
